D:\WORK\NAVMESH_PATHFINDER_DEMO\LUA\DEBUG\LGC.OBJ
D:\WORK\NAVMESH_PATHFINDER_DEMO\LUA\DEBUG\LINIT.OBJ
D:\WORK\NAVMESH_PATHFINDER_DEMO\LUA\DEBUG\LIOLIB.OBJ
D:\WORK\NAVMESH_PATHFINDER_DEMO\LUA\DEBUG\LLEX.OBJ
D:\WORK\NAVMESH_PATHFINDER_DEMO\LUA\DEBUG\LMATHLIB.OBJ
D:\WORK\NAVMESH_PATHFINDER_DEMO\LUA\DEBUG\LMEM.OBJ
D:\WORK\NAVMESH_PATHFINDER_DEMO\LUA\DEBUG\LOADLIB.OBJ
D:\WORK\NAVMESH_PATHFINDER_DEMO\LUA\DEBUG\LOBJECT.OBJ
D:\WORK\NAVMESH_PATHFINDER_DEMO\LUA\DEBUG\LOPCODES.OBJ
D:\WORK\NAVMESH_PATHFINDER_DEMO\LUA\DEBUG\LOSLIB.OBJ
D:\WORK\NAVMESH_PATHFINDER_DEMO\LUA\DEBUG\LPARSER.OBJ
D:\WORK\NAVMESH_PATHFINDER_DEMO\LUA\DEBUG\LSTATE.OBJ
D:\WORK\NAVMESH_PATHFINDER_DEMO\LUA\DEBUG\LSTRING.OBJ
D:\WORK\NAVMESH_PATHFINDER_DEMO\LUA\DEBUG\LSTRLIB.OBJ
D:\WORK\NAVMESH_PATHFINDER_DEMO\LUA\DEBUG\LTABLE.OBJ
D:\WORK\NAVMESH_PATHFINDER_DEMO\LUA\DEBUG\LTABLIB.OBJ
D:\WORK\NAVMESH_PATHFINDER_DEMO\LUA\DEBUG\LTM.OBJ
D:\WORK\NAVMESH_PATHFINDER_DEMO\LUA\DEBUG\LUNDUMP.OBJ
D:\WORK\NAVMESH_PATHFINDER_DEMO\LUA\DEBUG\LVM.OBJ
D:\WORK\NAVMESH_PATHFINDER_DEMO\LUA\DEBUG\LZIO.OBJ
D:\WORK\NAVMESH_PATHFINDER_DEMO\LUA\DEBUG\LAPI.OBJ
D:\WORK\NAVMESH_PATHFINDER_DEMO\LUA\DEBUG\LAUXLIB.OBJ
D:\WORK\NAVMESH_PATHFINDER_DEMO\LUA\DEBUG\LBASELIB.OBJ
D:\WORK\NAVMESH_PATHFINDER_DEMO\LUA\DEBUG\LBITLIB.OBJ
D:\WORK\NAVMESH_PATHFINDER_DEMO\LUA\DEBUG\LCODE.OBJ
D:\WORK\NAVMESH_PATHFINDER_DEMO\LUA\DEBUG\LCOROLIB.OBJ
D:\WORK\NAVMESH_PATHFINDER_DEMO\LUA\DEBUG\LCTYPE.OBJ
D:\WORK\NAVMESH_PATHFINDER_DEMO\LUA\DEBUG\LDBLIB.OBJ
D:\WORK\NAVMESH_PATHFINDER_DEMO\LUA\DEBUG\LDEBUG.OBJ
D:\WORK\NAVMESH_PATHFINDER_DEMO\LUA\DEBUG\LDO.OBJ
D:\WORK\NAVMESH_PATHFINDER_DEMO\LUA\DEBUG\LDUMP.OBJ
D:\WORK\NAVMESH_PATHFINDER_DEMO\LUA\DEBUG\LFUNC.OBJ
D:\WORK\NAVMESH_PATHFINDER_DEMO\LUA\DEBUG\VC110.PDB
D:\LIBS\LUA.ILK
D:\LIBS\LUA.DLL
D:\LIBS\LUA.PDB
D:\libs\lua.lib
D:\libs\lua.exp
D:\work\navmesh_pathfinder_demo\lua\Debug\lapi.obj
D:\work\navmesh_pathfinder_demo\lua\Debug\lauxlib.obj
D:\work\navmesh_pathfinder_demo\lua\Debug\lbaselib.obj
D:\work\navmesh_pathfinder_demo\lua\Debug\lbitlib.obj
D:\work\navmesh_pathfinder_demo\lua\Debug\lcode.obj
D:\work\navmesh_pathfinder_demo\lua\Debug\lcorolib.obj
D:\work\navmesh_pathfinder_demo\lua\Debug\lctype.obj
D:\work\navmesh_pathfinder_demo\lua\Debug\ldblib.obj
D:\work\navmesh_pathfinder_demo\lua\Debug\ldebug.obj
D:\work\navmesh_pathfinder_demo\lua\Debug\ldo.obj
D:\work\navmesh_pathfinder_demo\lua\Debug\ldump.obj
D:\work\navmesh_pathfinder_demo\lua\Debug\lfunc.obj
D:\work\navmesh_pathfinder_demo\lua\Debug\lgc.obj
D:\work\navmesh_pathfinder_demo\lua\Debug\linit.obj
D:\work\navmesh_pathfinder_demo\lua\Debug\liolib.obj
D:\work\navmesh_pathfinder_demo\lua\Debug\llex.obj
D:\work\navmesh_pathfinder_demo\lua\Debug\lmathlib.obj
D:\work\navmesh_pathfinder_demo\lua\Debug\lmem.obj
D:\work\navmesh_pathfinder_demo\lua\Debug\loadlib.obj
D:\work\navmesh_pathfinder_demo\lua\Debug\lobject.obj
D:\work\navmesh_pathfinder_demo\lua\Debug\lopcodes.obj
D:\work\navmesh_pathfinder_demo\lua\Debug\loslib.obj
D:\work\navmesh_pathfinder_demo\lua\Debug\lparser.obj
D:\work\navmesh_pathfinder_demo\lua\Debug\lstate.obj
D:\work\navmesh_pathfinder_demo\lua\Debug\lstring.obj
D:\work\navmesh_pathfinder_demo\lua\Debug\lstrlib.obj
D:\work\navmesh_pathfinder_demo\lua\Debug\ltable.obj
D:\work\navmesh_pathfinder_demo\lua\Debug\ltablib.obj
D:\work\navmesh_pathfinder_demo\lua\Debug\ltm.obj
D:\work\navmesh_pathfinder_demo\lua\Debug\lundump.obj
D:\work\navmesh_pathfinder_demo\lua\Debug\lvm.obj
D:\work\navmesh_pathfinder_demo\lua\Debug\lzio.obj
D:\work\navmesh_pathfinder_demo\lua\Debug\cl.command.1.tlog
D:\work\navmesh_pathfinder_demo\lua\Debug\CL.read.1.tlog
D:\work\navmesh_pathfinder_demo\lua\Debug\CL.write.1.tlog
D:\work\navmesh_pathfinder_demo\lua\Debug\link-cvtres.read.1.tlog
D:\work\navmesh_pathfinder_demo\lua\Debug\link-cvtres.write.1.tlog
D:\work\navmesh_pathfinder_demo\lua\Debug\link-rc.read.1.tlog
D:\work\navmesh_pathfinder_demo\lua\Debug\link-rc.write.1.tlog
D:\work\navmesh_pathfinder_demo\lua\Debug\link.command.1.tlog
D:\work\navmesh_pathfinder_demo\lua\Debug\link.read.1.tlog
D:\work\navmesh_pathfinder_demo\lua\Debug\link.write.1.tlog
D:\work\navmesh_pathfinder_demo\lua\Debug\lua.write.1.tlog
D:\work\navmesh_pathfinder_demo\lua\Debug\vc110.idb
D:\work\navmesh_pathfinder_demo\lua\Debug\vc110.pdb
D:\work\navmesh_pathfinder_demo\lua\..\..\..\libs\lua.dll
